########## webqsp Exp0 baseline (511-key memory) ##########
Loading weights:   0%|          | 0/103 [00:00<?, ?it/s]Loading weights: 100%|██████████| 103/103 [00:00<00:00, 9948.95it/s]
[lookup] DS=webqsp plan=output/webqsp_test_plan_v10.json retrieval=legacy embed=model/all-MiniLM-L6-v2 memory=504 keys items=1637
  200/1637 struct_acc=0.154 fails=1
  400/1637 struct_acc=0.170 fails=1
  600/1637 struct_acc=0.173 fails=1
  800/1637 struct_acc=0.186 fails=2
  1000/1637 struct_acc=0.197 fails=2
  1200/1637 struct_acc=0.203 fails=3
  1400/1637 struct_acc=0.201 fails=5
  1600/1637 struct_acc=0.204 fails=7
============================================================
[lookup] webqsp | items=1637 | reconstruction fails=7
[lookup] Structure-Acc (all): 338/1637 = 0.2065
[lookup] Structure-Acc (gold present): 338/1637 = 0.2065
[lookup] wrote output/webqsp_test_lookup_exp0_baseline.json
########## webqsp Exp1 Type-1 fix (1039-key memory) ##########
Loading weights:   0%|          | 0/103 [00:00<?, ?it/s]Loading weights: 100%|██████████| 103/103 [00:00<00:00, 9017.18it/s]
[lookup] DS=webqsp plan=output/webqsp_test_plan_v10.json retrieval=legacy embed=model/all-MiniLM-L6-v2 memory=897 keys items=1637
  200/1637 struct_acc=0.413 fails=1
  400/1637 struct_acc=0.429 fails=1
  600/1637 struct_acc=0.421 fails=1
  800/1637 struct_acc=0.423 fails=2
  1000/1637 struct_acc=0.435 fails=2
  1200/1637 struct_acc=0.439 fails=3
  1400/1637 struct_acc=0.440 fails=5
  1600/1637 struct_acc=0.438 fails=7
============================================================
[lookup] webqsp | items=1637 | reconstruction fails=7
[lookup] Structure-Acc (all): 721/1637 = 0.4404
[lookup] Structure-Acc (gold present): 721/1637 = 0.4404
[lookup] wrote output/webqsp_test_lookup_exp1_type1.json
########## cwq Exp0 baseline (511-key memory) ##########
Loading weights:   0%|          | 0/103 [00:00<?, ?it/s]Loading weights: 100%|██████████| 103/103 [00:00<00:00, 8141.82it/s]
[lookup] DS=cwq plan=output/cwq_test_plan_v10.json retrieval=legacy embed=model/all-MiniLM-L6-v2 memory=504 keys items=3531
  200/3531 struct_acc=0.070 fails=9
  400/3531 struct_acc=0.072 fails=19
  600/3531 struct_acc=0.082 fails=29
  800/3531 struct_acc=0.080 fails=58
  1000/3531 struct_acc=0.082 fails=84
  1200/3531 struct_acc=0.085 fails=105
  1400/3531 struct_acc=0.083 fails=119
  1600/3531 struct_acc=0.079 fails=142
  1800/3531 struct_acc=0.078 fails=172
  2000/3531 struct_acc=0.078 fails=196
  2200/3531 struct_acc=0.080 fails=212
  2400/3531 struct_acc=0.082 fails=232
  2600/3531 struct_acc=0.082 fails=246
  2800/3531 struct_acc=0.081 fails=264
  3000/3531 struct_acc=0.082 fails=284
  3200/3531 struct_acc=0.082 fails=308
  3400/3531 struct_acc=0.081 fails=327
============================================================
[lookup] cwq | items=3531 | reconstruction fails=339
[lookup] Structure-Acc (all): 284/3531 = 0.0804
[lookup] Structure-Acc (gold present): 284/3531 = 0.0804
[lookup] wrote output/cwq_test_lookup_exp0_baseline.json
########## cwq Exp1 Type-1 fix (1039-key memory) ##########
Loading weights:   0%|          | 0/103 [00:00<?, ?it/s]Loading weights: 100%|██████████| 103/103 [00:00<00:00, 8987.54it/s]
[lookup] DS=cwq plan=output/cwq_test_plan_v10.json retrieval=legacy embed=model/all-MiniLM-L6-v2 memory=897 keys items=3531
  200/3531 struct_acc=0.154 fails=9
  400/3531 struct_acc=0.162 fails=19
  600/3531 struct_acc=0.168 fails=29
  800/3531 struct_acc=0.175 fails=58
  1000/3531 struct_acc=0.190 fails=84
  1200/3531 struct_acc=0.206 fails=105
  1400/3531 struct_acc=0.211 fails=119
  1600/3531 struct_acc=0.209 fails=142
  1800/3531 struct_acc=0.212 fails=172
  2000/3531 struct_acc=0.216 fails=196
  2200/3531 struct_acc=0.218 fails=212
  2400/3531 struct_acc=0.221 fails=232
  2600/3531 struct_acc=0.225 fails=246
  2800/3531 struct_acc=0.228 fails=264
  3000/3531 struct_acc=0.228 fails=284
  3200/3531 struct_acc=0.229 fails=308
  3400/3531 struct_acc=0.226 fails=327
============================================================
[lookup] cwq | items=3531 | reconstruction fails=339
[lookup] Structure-Acc (all): 793/3531 = 0.2246
[lookup] Structure-Acc (gold present): 793/3531 = 0.2246
[lookup] wrote output/cwq_test_lookup_exp1_type1.json
ALL_LOOKUP_DONE
