########## SCORE webqsp exp0_baseline ##########
  200/1637 macroF1=0.257 hit@1=0.266
  400/1637 macroF1=0.265 hit@1=0.275
  600/1637 macroF1=0.273 hit@1=0.282
  800/1637 macroF1=0.291 hit@1=0.295
  1000/1637 macroF1=0.305 hit@1=0.309
  1200/1637 macroF1=0.307 hit@1=0.315
  1400/1637 macroF1=0.302 hit@1=0.311
  1600/1637 macroF1=0.307 hit@1=0.314
============================================================
{
  "dataset": "webqsp",
  "tag": "exp0_baseline",
  "score_all": false,
  "n_total": 1637,
  "scored": 1626,
  "no_gold": 11,
  "hit@1": 0.3143,
  "macro_f1": 0.3065,
  "avg_precision": 0.2999,
  "avg_recall": 0.3571
}
########## SCORE webqsp exp1_type1 ##########
  200/1637 macroF1=0.829 hit@1=0.839
  400/1637 macroF1=0.840 hit@1=0.854
  600/1637 macroF1=0.827 hit@1=0.837
  800/1637 macroF1=0.823 hit@1=0.832
  1000/1637 macroF1=0.825 hit@1=0.837
  1200/1637 macroF1=0.825 hit@1=0.842
  1400/1637 macroF1=0.824 hit@1=0.842
  1600/1637 macroF1=0.822 hit@1=0.840
============================================================
{
  "dataset": "webqsp",
  "tag": "exp1_type1",
  "score_all": false,
  "n_total": 1637,
  "scored": 1626,
  "no_gold": 11,
  "hit@1": 0.8389,
  "macro_f1": 0.8214,
  "avg_precision": 0.813,
  "avg_recall": 0.8867
}
########## SCORE webqsp exp2_adaptive_90_80 ##########
  200/1637 macroF1=0.829 hit@1=0.839
  400/1637 macroF1=0.840 hit@1=0.854
  600/1637 macroF1=0.826 hit@1=0.837
  800/1637 macroF1=0.823 hit@1=0.834
  1000/1637 macroF1=0.825 hit@1=0.838
  1200/1637 macroF1=0.825 hit@1=0.843
  1400/1637 macroF1=0.824 hit@1=0.842
  1600/1637 macroF1=0.822 hit@1=0.840
============================================================
{
  "dataset": "webqsp",
  "tag": "exp2_adaptive_90_80",
  "score_all": false,
  "n_total": 1637,
  "scored": 1626,
  "no_gold": 11,
  "hit@1": 0.8395,
  "macro_f1": 0.8214,
  "avg_precision": 0.8132,
  "avg_recall": 0.8867
}
########## SCORE cwq exp0_baseline ##########
  200/3531 macroF1=0.163 hit@1=0.147
  400/3531 macroF1=0.151 hit@1=0.136
  600/3531 macroF1=0.168 hit@1=0.150
  800/3531 macroF1=0.170 hit@1=0.149
  1000/3531 macroF1=0.164 hit@1=0.144
  1200/3531 macroF1=0.160 hit@1=0.140
  1400/3531 macroF1=0.159 hit@1=0.141
  1800/3531 macroF1=0.151 hit@1=0.137
  2000/3531 macroF1=0.153 hit@1=0.138
  2200/3531 macroF1=0.154 hit@1=0.143
  2400/3531 macroF1=0.154 hit@1=0.141
  2600/3531 macroF1=0.156 hit@1=0.142
  2800/3531 macroF1=0.157 hit@1=0.142
  3000/3531 macroF1=0.156 hit@1=0.142
  3200/3531 macroF1=0.155 hit@1=0.140
  3400/3531 macroF1=0.155 hit@1=0.141
============================================================
{
  "dataset": "cwq",
  "tag": "exp0_baseline",
  "score_all": false,
  "n_total": 3531,
  "scored": 3273,
  "no_gold": 258,
  "hit@1": 0.1424,
  "macro_f1": 0.1572,
  "avg_precision": 0.1343,
  "avg_recall": 0.3175
}
########## SCORE cwq exp1_type1 ##########
  200/3531 macroF1=0.722 hit@1=0.721
  400/3531 macroF1=0.750 hit@1=0.749
  600/3531 macroF1=0.745 hit@1=0.735
  800/3531 macroF1=0.716 hit@1=0.699
  1000/3531 macroF1=0.703 hit@1=0.690
  1200/3531 macroF1=0.699 hit@1=0.686
  1400/3531 macroF1=0.689 hit@1=0.679
  1800/3531 macroF1=0.683 hit@1=0.671
  2000/3531 macroF1=0.682 hit@1=0.671
  2200/3531 macroF1=0.681 hit@1=0.671
  2400/3531 macroF1=0.682 hit@1=0.671
  2600/3531 macroF1=0.683 hit@1=0.672
  2800/3531 macroF1=0.683 hit@1=0.670
  3000/3531 macroF1=0.684 hit@1=0.673
  3200/3531 macroF1=0.680 hit@1=0.669
  3400/3531 macroF1=0.682 hit@1=0.671
============================================================
{
  "dataset": "cwq",
  "tag": "exp1_type1",
  "score_all": false,
  "n_total": 3531,
  "scored": 3273,
  "no_gold": 258,
  "hit@1": 0.6734,
  "macro_f1": 0.6837,
  "avg_precision": 0.6645,
  "avg_recall": 0.8146
}
########## SCORE cwq exp2_adaptive_90_80 ##########
  200/3531 macroF1=0.722 hit@1=0.721
  400/3531 macroF1=0.748 hit@1=0.746
  600/3531 macroF1=0.741 hit@1=0.731
  800/3531 macroF1=0.712 hit@1=0.695
  1000/3531 macroF1=0.699 hit@1=0.686
  1200/3531 macroF1=0.696 hit@1=0.682
  1400/3531 macroF1=0.686 hit@1=0.676
  1800/3531 macroF1=0.680 hit@1=0.669
  2000/3531 macroF1=0.680 hit@1=0.667
  2200/3531 macroF1=0.678 hit@1=0.668
  2400/3531 macroF1=0.679 hit@1=0.668
  2600/3531 macroF1=0.680 hit@1=0.668
  2800/3531 macroF1=0.680 hit@1=0.667
  3000/3531 macroF1=0.681 hit@1=0.670
  3200/3531 macroF1=0.677 hit@1=0.665
  3400/3531 macroF1=0.679 hit@1=0.668
============================================================
{
  "dataset": "cwq",
  "tag": "exp2_adaptive_90_80",
  "score_all": false,
  "n_total": 3531,
  "scored": 3273,
  "no_gold": 258,
  "hit@1": 0.67,
  "macro_f1": 0.6812,
  "avg_precision": 0.6621,
  "avg_recall": 0.8118
}
ALL_SCORES_DONE
